[0m13:48:52.439848 [debug] [MainThread]: Sending event: {'category': 'dbt', 'action': 'invocation', 'label': 'start', 'context': [<snowplow_tracker.self_describing_json.SelfDescribingJson object at 0x105b0ba10>, <snowplow_tracker.self_describing_json.SelfDescribingJson object at 0x107647610>, <snowplow_tracker.self_describing_json.SelfDescribingJson object at 0x107647750>]}


============================== 13:48:52.443834 | 15950a47-baff-40ae-9712-557894926d8e ==============================
[0m13:48:52.443834 [info ] [MainThread]: Running with dbt=1.10.2
[0m13:48:52.444670 [debug] [MainThread]: running dbt with arguments {'printer_width': '80', 'indirect_selection': 'eager', 'write_json': 'True', 'log_cache_events': 'False', 'partial_parse': 'True', 'cache_selected_only': 'False', 'warn_error': 'None', 'debug': 'False', 'version_check': 'True', 'log_path': 'logs', 'profiles_dir': '/Users/durgaprasadreddypralayakaveri/.dbt', 'fail_fast': 'False', 'use_colors': 'True', 'use_experimental_parser': 'False', 'empty': 'None', 'quiet': 'False', 'no_print': 'None', 'warn_error_options': 'WarnErrorOptionsV2(error=[], warn=[], silence=[])', 'static_parser': 'True', 'invocation_command': 'dbt init netflix', 'introspect': 'True', 'target_path': 'None', 'log_format': 'default', 'send_anonymous_usage_stats': 'True'}
[0m13:48:52.458262 [debug] [MainThread]: Starter project path: /Users/durgaprasadreddypralayakaveri/Desktop/NETFLIX_DATA/venv/lib/python3.13/site-packages/dbt/include/starter_project
[0m13:48:52.470028 [info ] [MainThread]: 
Your new dbt project "netflix" was created!

For more information on how to configure the profiles.yml file,
please consult the dbt documentation here:

  https://docs.getdbt.com/docs/configure-your-profile

One more thing:

Need help? Don't hesitate to reach out to us via GitHub issues or on Slack:

  https://community.getdbt.com/

Happy modeling!

[0m13:48:52.470358 [info ] [MainThread]: Setting up your profile.
[0m13:51:56.124218 [info ] [MainThread]: Profile netflix written to /Users/durgaprasadreddypralayakaveri/.dbt/profiles.yml using target's profile_template.yml and your supplied values. Run 'dbt debug' to validate the connection.
[0m13:51:56.147687 [debug] [MainThread]: Resource report: {"command_name": "init", "command_success": true, "command_wall_clock_time": 183.75948, "process_in_blocks": "0", "process_kernel_time": 0.251583, "process_mem_max_rss": "121274368", "process_out_blocks": "0", "process_user_time": 0.968152}
[0m13:51:56.157796 [debug] [MainThread]: Command `dbt init` succeeded at 13:51:56.157420 after 183.77 seconds
[0m13:51:56.158775 [debug] [MainThread]: Sending event: {'category': 'dbt', 'action': 'invocation', 'label': 'end', 'context': [<snowplow_tracker.self_describing_json.SelfDescribingJson object at 0x110f4be10>, <snowplow_tracker.self_describing_json.SelfDescribingJson object at 0x104ec57f0>, <snowplow_tracker.self_describing_json.SelfDescribingJson object at 0x110fec6b0>]}
[0m13:51:56.159307 [debug] [MainThread]: Flushing usage events
[0m13:51:56.496483 [debug] [MainThread]: An error was encountered while trying to flush usage events
